## Application
Software: preprocess.py (version: 1.4.0)
Command: /root/preprocess_dep//preprocess.py illumina --min-amplicon-size 380 --max-amplicon-size 460 --five-prim-primer GGCGVACGGGTGAGTAA --three-prim-primer GTGCCAGCNGCNGCGG --R1-size 250 --R2-size 250 --expected-amplicon-size 420 --input-archive ../test_dataset.tar.gz --output-dereplicated ./01-prepro.fasta --output-count ./01-prepro.tsv --summary ./01-prepro.html --log-file ./01-prepro.log


##Sample
R1 : ./1449587522.5_1_splA_01_R1.fastq.gz
R2 : ./1449587522.5_1_splA_01_R2.fastq.gz
Sample name : splA_01
nb seq before process : 88684
##Commands
# Join overlapping paired reads. (flash version : v1.2.11)
Command:
	flash --threads 1 --min-overlap 40 --max-overlap 100 --max-mismatch-density 0.1 --compress ./1449587522.5_1_splA_01_R1.fastq.gz ./1449587522.5_1_splA_01_R2.fastq.gz --to-stdout > ./1449587522.9_1_splA_01_flash.fastq.gz 2> /dev/null
Execution:
	start: 08 Dec 2015 15:12:03
	end:   08 Dec 2015 15:12:09
Results:
	nb seq overlapped: 82755
# Filters amplicons by length. (filterSeq.py version : 1.3.0)
Command:
	filterSeq.py --compress --min-length 380 --max-length 460 --input-file ./1449587522.9_1_splA_01_flash.fastq.gz --output-file ./1449587522.9_1_splA_01_length_filter.fastq.gz --log-file ./1449587522.9_1_splA_01_length_filter_log.txt
Execution:
	start: 08 Dec 2015 15:12:11
	end:   08 Dec 2015 15:12:43
Results:
	nb seq with expected length : 80910
# Removes reads without the 5' primer and removes primer sequence. (cutadapt version : 1.9.1)
Command:
	cutadapt -g GGCGVACGGGTGAGTAA --error-rate 0.1 --discard-untrimmed --match-read-wildcards --overlap 16 -o ./1449587522.9_1_splA_01_cutadapt_5prim_trim.fastq.gz ./1449587522.9_1_splA_01_length_filter.fastq.gz > ./1449587522.9_1_splA_01_cutadapt_5prim_log.txt
Execution:
	start: 08 Dec 2015 15:12:43
	end:   08 Dec 2015 15:12:49
Results:
	nb seq with 5' primer : 79555
# Removes reads without the 3' primer and removes primer sequence. (cutadapt version : 1.9.1)
Command:
	cutadapt -a GTGCCAGCNGCNGCGG --error-rate 0.1 --discard-untrimmed --match-read-wildcards --overlap 15 -o ./1449587522.9_1_splA_01_cutadapt.fastq.gz ./1449587522.9_1_splA_01_cutadapt_5prim_trim.fastq.gz > ./1449587522.9_1_splA_01_cutadapt_3prim_log.txt
Execution:
	start: 08 Dec 2015 15:12:51
	end:   08 Dec 2015 15:12:57
Results:
	nb seq with 3' primer : 79326
# Filters amplicons without primers by length and N count. (filterSeq.py version : 1.3.0)
Command:
	filterSeq.py --force-fasta --max-N 0 --min-length 347 --max-length 427 --input-file ./1449587522.9_1_splA_01_cutadapt.fastq.gz --output-file ./1449587522.9_1_splA_01_N_and_length_filter.fasta --log-file ./1449587522.9_1_splA_01_N_and_length_filter_log.txt
Execution:
	start: 08 Dec 2015 15:12:59
	end:   08 Dec 2015 15:13:00
Results:
	nb seq with expected length : 79320
	nb seq without N : 79320
# Dereplicates sample sequences. (derepSamples.py version : 1.3.0)
Command:
	derepSamples.py --sequences-files ./1449587522.9_1_splA_01_N_and_length_filter.fasta --dereplicated-file ./1449587522.5_1_splA_01_filtered.fasta --count-file ./1449587522.9_1_splA_01_derep_count.tsv
Execution:
	start: 08 Dec 2015 15:13:00
	end:   08 Dec 2015 15:13:02

##Sample
R1 : ./1449587522.5_1_splA_02_R1.fastq.gz
R2 : ./1449587522.5_1_splA_02_R2.fastq.gz
Sample name : splA_02
nb seq before process : 54167
##Commands
# Join overlapping paired reads. (flash version : v1.2.11)
Command:
	flash --threads 1 --min-overlap 40 --max-overlap 100 --max-mismatch-density 0.1 --compress ./1449587522.5_1_splA_02_R1.fastq.gz ./1449587522.5_1_splA_02_R2.fastq.gz --to-stdout > ./1449587582.26_1_splA_02_flash.fastq.gz 2> /dev/null
Execution:
	start: 08 Dec 2015 15:13:02
	end:   08 Dec 2015 15:13:06
Results:
	nb seq overlapped: 50589
# Filters amplicons by length. (filterSeq.py version : 1.3.0)
Command:
	filterSeq.py --compress --min-length 380 --max-length 460 --input-file ./1449587582.26_1_splA_02_flash.fastq.gz --output-file ./1449587582.26_1_splA_02_length_filter.fastq.gz --log-file ./1449587582.26_1_splA_02_length_filter_log.txt
Execution:
	start: 08 Dec 2015 15:13:07
	end:   08 Dec 2015 15:13:27
Results:
	nb seq with expected length : 49217
# Removes reads without the 5' primer and removes primer sequence. (cutadapt version : 1.9.1)
Command:
	cutadapt -g GGCGVACGGGTGAGTAA --error-rate 0.1 --discard-untrimmed --match-read-wildcards --overlap 16 -o ./1449587582.26_1_splA_02_cutadapt_5prim_trim.fastq.gz ./1449587582.26_1_splA_02_length_filter.fastq.gz > ./1449587582.26_1_splA_02_cutadapt_5prim_log.txt
Execution:
	start: 08 Dec 2015 15:13:27
	end:   08 Dec 2015 15:13:30
Results:
	nb seq with 5' primer : 48313
# Removes reads without the 3' primer and removes primer sequence. (cutadapt version : 1.9.1)
Command:
	cutadapt -a GTGCCAGCNGCNGCGG --error-rate 0.1 --discard-untrimmed --match-read-wildcards --overlap 15 -o ./1449587582.26_1_splA_02_cutadapt.fastq.gz ./1449587582.26_1_splA_02_cutadapt_5prim_trim.fastq.gz > ./1449587582.26_1_splA_02_cutadapt_3prim_log.txt
Execution:
	start: 08 Dec 2015 15:13:31
	end:   08 Dec 2015 15:13:35
Results:
	nb seq with 3' primer : 48179
# Filters amplicons without primers by length and N count. (filterSeq.py version : 1.3.0)
Command:
	filterSeq.py --force-fasta --max-N 0 --min-length 347 --max-length 427 --input-file ./1449587582.26_1_splA_02_cutadapt.fastq.gz --output-file ./1449587582.26_1_splA_02_N_and_length_filter.fasta --log-file ./1449587582.26_1_splA_02_N_and_length_filter_log.txt
Execution:
	start: 08 Dec 2015 15:13:36
	end:   08 Dec 2015 15:13:37
Results:
	nb seq with expected length : 48179
	nb seq without N : 48179
# Dereplicates sample sequences. (derepSamples.py version : 1.3.0)
Command:
	derepSamples.py --sequences-files ./1449587582.26_1_splA_02_N_and_length_filter.fasta --dereplicated-file ./1449587522.5_1_splA_02_filtered.fasta --count-file ./1449587582.26_1_splA_02_derep_count.tsv
Execution:
	start: 08 Dec 2015 15:13:37
	end:   08 Dec 2015 15:13:38


##Sample
All
##Commands
# Dereplicates together sequences from several samples. (derepSamples.py version : 1.3.0)
Command:
	derepSamples.py --nb-cpus 1 --size-separator ';size=' --sequences-files ./1449587522.5_1_splA_01_filtered.fasta ./1449587522.5_1_splA_02_filtered.fasta --samples-names splA_01 splA_02 --dereplicated-file ./01-prepro.fasta --count-file ./01-prepro.tsv
Execution:
	start: 08 Dec 2015 15:13:39
	end:   08 Dec 2015 15:13:41
