## Application
Software: affiliation_OTU.py (version: 0.9.0)
Command: /usr/local/bin/affiliation_OTU.py --reference ../db.fasta --input-fasta ./04-filters.fasta --input-biom ./04-filters.biom --output-biom ./04-affiliation.biom --summary ./04-affiliation.html --log-file ./04-affiliation.log --nb-cpus 1 --java-mem 1024

Nb seq : 1870

# rdp taxonomic affiliation (classifier.jar version : unknown)
Command:
	taskset -c 0 java -Xmx1024g -jar /root/affiliation_otu_deps/classifier.jar classify -c 0.0 -t ../db.fasta.properties -o ./1449587797.72_1_04-filters.fasta.rdp ./04-filters.fasta
Execution:
	start: 08 Dec 2015 15:16:37
	end:   08 Dec 2015 15:16:41
# blast taxonomic affiliation (blastn version : 2.2.29+)
Command:
	blastn -num_threads 1 -task megablast -word_size 38 -max_target_seqs 500 -outfmt '6 qseqid sseqid pident length mismatch gapopen qstart qend sstart send evalue bitscore qlen' -query ./04-filters.fasta -out ./1449587797.72_1_04-filters.fasta.blast -db ../db.fasta
Execution:
	start: 08 Dec 2015 15:16:42
	end:   08 Dec 2015 15:16:47
# Add Blast and/or RDP affiliation to biom (addAffiliation2biom.py version : 2.2.1)
Command:
	addAffiliation2biom.py -f ../db.fasta -i ./04-filters.biom -o ./04-affiliation.biom -b ./1449587797.72_1_04-filters.fasta.blast -r ./1449587797.72_1_04-filters.fasta.rdp
Execution:
	start: 08 Dec 2015 15:16:47
	end:   08 Dec 2015 15:16:47
